C51 COMPILER V9.54   MAIN                                                                  05/30/2019 22:17:33 PAGE 1   


C51 COMPILER V9.54, COMPILATION OF MODULE MAIN
OBJECT MODULE PLACED IN main.OBJ
COMPILER INVOKED BY: D:\R\Keil5\C51\BIN\C51.EXE main.c OPTIMIZE(8,SPEED) BROWSE DEBUG OBJECTEXTEND TABS(2)

line level    source

   1          #include <reg51.h>
   2          sbit p1_0 = P1^0;
   3          unsigned char count = 1;//用来改变LED状态
   4          
   5          //初始化串口 （设置串口，开启串口中断）
   6          void init_uart(void)
   7          {
   8   1        SCON = 0x50;            // SCON: 方式 1, 8-bit, 允许接收数据 
   9   1        TMOD |= 0x20;               // TMOD: 设置定时器1工作在方式2, 8-bit 自动重装
  10   1        TH1 = 0xFD;               // TH1:  初始值为0xFD  波特率：9600 晶振频率：11.0592MHz  
  11   1        TL1 = 0x0;
  12   1        TR1 = 1;                  // TR1:  开启定时器1                         
  13   1        EA  = 1;                  //打开总中断
  14   1        ES  = 1;                  //打开串口中断
  15   1      }       
  16          
  17                     
  18          // 发送一个字节数据
  19          void uart_send_byte(unsigned char dat)
  20          {
  21   1        if(TI == 0)//上一次发送完毕
  22   1        {
  23   2          SBUF = dat; // 将数据送到发送缓冲寄存器SBUF，一位一位的发送
  24   2          while(!TI); // 等待发送完毕 (发送完毕TI硬件置1)
  25   2        }
  26   1      }
  27          
  28          // 发送字符串
  29          void uart_send_str(unsigned char *s)
  30          {
  31   1        while(*s != '\0')// '\0':字符串结束标志
  32   1        {
  33   2          uart_send_byte(*s);// 发送1个字节数据，1个字符占8位，1字节
  34   2          s++;// 指向下一个字符
  35   2        }
  36   1      }
  37          
  38          
  39          // 串口中断处理函数 （串口接收到数据，发送数据完毕都可以引起串口中断）
  40          void uart_interrupt(void) interrupt 4     //也叫串行中断服务程序
  41          {
  42   1        unsigned char recv_data;// 用来存放接收到的数据
  43   1        //unsigned char send_data[] = "ok";// 要发送的信息
  44   1        
  45   1        if(RI) //接收数据(1字节)完毕，RI会被硬件置1
  46   1        {
  47   2          RI = 0;               // 将 接收中断标志位 清零(让串口可以继续接收数据)
  48   2          recv_data = SBUF;             //读取接收到的数据，并存放到data
  49   2          
  50   2          count++;   
  51   2          uart_send_byte(recv_data);//收到什么就回复什么
  52   2          p1_0 = count%2;//每收到1个字符就让LED改变状态
  53   2      
  54   2        }
  55   1        if(TI)// 发送数据(1字节)完毕
C51 COMPILER V9.54   MAIN                                                                  05/30/2019 22:17:33 PAGE 2   

  56   1        {
  57   2          TI = 0;// 将 发送中断标志位 清零(让串口可以继续发送数据)
  58   2        }
  59   1      } 
  60          
  61          void main(void)
  62          {
  63   1        init_uart();// 初始化串口
  64   1        
  65   1        while(1)// 主循环不做任何动作。（死循环）
  66   1        {}
  67   1      }
  68          


MODULE INFORMATION:   STATIC OVERLAYABLE
   CODE SIZE        =     90    ----
   CONSTANT SIZE    =   ----    ----
   XDATA SIZE       =   ----    ----
   PDATA SIZE       =   ----    ----
   DATA SIZE        =      1    ----
   IDATA SIZE       =   ----    ----
   BIT SIZE         =   ----    ----
END OF MODULE INFORMATION.


C51 COMPILATION COMPLETE.  0 WARNING(S),  0 ERROR(S)
