C51 COMPILER V9.60.0.0   DS18B20                                                           12/25/2021 04:16:20 PAGE 1   


C51 COMPILER V9.60.0.0, COMPILATION OF MODULE DS18B20
OBJECT MODULE PLACED IN .\Objects\ds18b20.obj
COMPILER INVOKED BY: D:\Keil_v5\44444444444\C51\BIN\C51.EXE ..\HARDWARE\DS18B20\ds18b20.c OMF2 OPTIMIZE(9,SPEED) BROWSE 
                    -INCDIR(..\HARDWARE\OLED;..\Project;..\TINY;..\HARDWARE\CHAO;..\HARDWARE\DS18B20) DEBUG PRINT(.\Listings\ds18b20.lst) TAB
                    -S(2) OBJECT(.\Objects\ds18b20.obj)

line level    source

   1          #include "ds18b20.h"
   2          #include <reg52.h>
   3          #define uchar unsigned char 
   4          #define uint unsigned int 
   5          //define interface  定义 DS18B20 接口
   6          sbit DQ=P3^6; 
   7          //variable of temperature                      
   8          uint temp=0;
   9          /*****延时子程序*****/
  10          void Delay_DS18B20(int num)
  11          {
  12   1        while(num--) ;
  13   1      }
  14          /*****初始化DS18B20*****/
  15          void Init_DS18B20(void)
  16          {
  17   1        unsigned char x=0;
  18   1        DQ = 1;         //DQ复位
  19   1        Delay_DS18B20(8);    //稍做延时
  20   1        DQ = 0;         //单片机将DQ拉低
  21   1        Delay_DS18B20(80);   //精确延时，大于480us
  22   1        DQ = 1;         //拉高总线
  23   1        Delay_DS18B20(14);
  24   1        x = DQ;           //稍做延时后，如果x=0则初始化成功，x=1则初始化失败
  25   1        Delay_DS18B20(20);
  26   1      }
  27          /*****读一个字节*****/
  28          unsigned char ReadOneChar(void)
  29          {
  30   1        unsigned char i=0;
  31   1        unsigned char dat = 0;
  32   1        for (i=8;i>0;i--)
  33   1        {
  34   2          DQ = 0;     // 给脉冲信号
  35   2          dat>>=1;
  36   2          DQ = 1;     // 给脉冲信号
  37   2          if(DQ)
  38   2          dat|=0x80;
  39   2          Delay_DS18B20(4);
  40   2        }
  41   1        return(dat);
  42   1      }
  43          /*****写一个字节*****/
  44          void WriteOneChar(unsigned char dat)
  45          {
  46   1        unsigned char i=0;
  47   1        for (i=8; i>0; i--)
  48   1        {
  49   2          DQ = 0;
  50   2          DQ = dat&0x01;
  51   2          Delay_DS18B20(5);
  52   2          DQ = 1;
  53   2          dat>>=1;
C51 COMPILER V9.60.0.0   DS18B20                                                           12/25/2021 04:16:20 PAGE 2   

  54   2        }
  55   1      }
  56          /*****读取温度*****/
  57          unsigned int ReadTemperature(void)
  58          {
  59   1        unsigned char a=0;
  60   1        unsigned char b=0;
  61   1        unsigned int t=0;
  62   1        float tt=0;
  63   1        Init_DS18B20();
  64   1        WriteOneChar(0xCC);  //跳过读序号列号的操作
  65   1        WriteOneChar(0x44);  //启动温度转换
  66   1        Init_DS18B20();
  67   1        WriteOneChar(0xCC);  //跳过读序号列号的操作
  68   1        WriteOneChar(0xBE);  //读取温度寄存器
  69   1        a=ReadOneChar();     //读低8位
  70   1        b=ReadOneChar();    //读高8位
  71   1        t=b;                                   //高8位转移到t
  72   1        t<<=8;                           //t数据左移8位
  73   1        t=t|a;                           //将t和a按位或，得到一个16位的数
  74   1        tt=t*0.0625;                   //将t乘以0.0625得到实际温度值（温度传感器设置12位精度，最小分辨率是0.0625
             -）
  75   1        t= tt*10+0.5;     //放大10倍（将小数点后一位显示出来）输出并四舍五入
  76   1        return(t);                   //返回温度值
  77   1      }
  78          
  79          


MODULE INFORMATION:   STATIC OVERLAYABLE
   CODE SIZE        =    233    ----
   CONSTANT SIZE    =   ----    ----
   XDATA SIZE       =   ----    ----
   PDATA SIZE       =   ----    ----
   DATA SIZE        =      2       4
   IDATA SIZE       =   ----    ----
   BIT SIZE         =   ----    ----
   EDATA SIZE       =   ----    ----
   HDATA SIZE       =   ----    ----
   XDATA CONST SIZE =   ----    ----
   FAR CONST SIZE   =   ----    ----
END OF MODULE INFORMATION.


C51 COMPILATION COMPLETE.  0 WARNING(S),  0 ERROR(S)
