C51 COMPILER V9.60.0.0   KEY                                                               12/06/2021 01:52:31 PAGE 1   


C51 COMPILER V9.60.0.0, COMPILATION OF MODULE KEY
OBJECT MODULE PLACED IN .\Objects\key.obj
COMPILER INVOKED BY: D:\Keil_v5\44444444444\C51\BIN\C51.EXE ..\HARDWARE\KEY\key.c OMF2 OPTIMIZE(9,SPEED) BROWSE INCDIR(.
                    -.\HARDWARE\OLED;..\Project;..\TINY;..\HARDWARE\DS1203;..\HARDWARE\USART;..\HARDWARE\KEY;..\HARDWARE\AT24C02;..\HARDWARE\
                    -ADC;..\HARDWARE\IIC;..\HARDWARE\PCF;..\HARDWARE\CHAO) DEBUG PRINT(.\Listings\key.lst) TABS(2) OBJECT(.\Objects\key.obj)

line level    source

   1          #include "key.h"
   2          /*******************************************************************************
   3          * 函 数 名         : KeyDown
   4          * 函数功能       : 检测有按键按下并读取键值
   5          * 输    入         : 无
   6          * 输    出         : 无
   7          *******************************************************************************/
   8          unsigned char KeyDown(void)
   9          {
  10   1        char a=0;
  11   1        unsigned char KeyValue;
  12   1        GPIO_KEY=0x0f;
  13   1        if(GPIO_KEY!=0x0f)//读取按键是否按下
  14   1        {
  15   2          delay_ms(10);//延时10ms进行消抖
  16   2          if(GPIO_KEY!=0x0f)//再次检测键盘是否按下
  17   2          { 
  18   3            //测试列
  19   3            GPIO_KEY=0X0F;
  20   3            switch(GPIO_KEY)
  21   3            {
  22   4              case(0X07): KeyValue=1;break;
  23   4              case(0X0b): KeyValue=2;break;
  24   4              case(0X0d): KeyValue=3;break;
  25   4              case(0X0e): KeyValue=4;break;
  26   4            }
  27   3            //测试行
  28   3            GPIO_KEY=0XF0;
  29   3            switch(GPIO_KEY)
  30   3            {
  31   4              case(0X70): KeyValue=KeyValue;break;
  32   4              case(0Xb0): KeyValue=KeyValue+4;break;
  33   4              case(0Xd0): KeyValue=KeyValue+8;break;
  34   4              case(0Xe0): KeyValue=KeyValue+12;break;
  35   4            }
  36   3            while((a<50)&&(GPIO_KEY!=0xf0))  //检测按键松手检测
  37   3            {
  38   4              delay_ms(10);
  39   4              a++;
  40   4            }
  41   3          }
  42   2        }
  43   1        else
  44   1          KeyValue=0;
  45   1        return KeyValue;
  46   1      }


MODULE INFORMATION:   STATIC OVERLAYABLE
   CODE SIZE        =    140    ----
   CONSTANT SIZE    =   ----    ----
   XDATA SIZE       =   ----    ----
   PDATA SIZE       =   ----    ----
C51 COMPILER V9.60.0.0   KEY                                                               12/06/2021 01:52:31 PAGE 2   

   DATA SIZE        =   ----       2
   IDATA SIZE       =   ----    ----
   BIT SIZE         =   ----    ----
   EDATA SIZE       =   ----    ----
   HDATA SIZE       =   ----    ----
   XDATA CONST SIZE =   ----    ----
   FAR CONST SIZE   =   ----    ----
END OF MODULE INFORMATION.


C51 COMPILATION COMPLETE.  0 WARNING(S),  0 ERROR(S)
