C51 COMPILER V9.60.0.0   DELAY                                                             05/13/2021 21:44:25 PAGE 1   


C51 COMPILER V9.60.0.0, COMPILATION OF MODULE DELAY
OBJECT MODULE PLACED IN delay.OBJ
COMPILER INVOKED BY: D:\Keil_v5\44444444444\C51\BIN\C51.EXE delay.c COMPACT OPTIMIZE(8,SPEED) BROWSE DEBUG OBJECTEXTEND 
                    -TABS(2)

line level    source

   1          #include "delay.h"
   2          
   3          void delay(unsigned int ms) //ºÁÃë
   4          { 
   5   1          unsigned char i,j;
   6   1          for(j=ms; j>0; j--) 
   7   1            for(i=100;i>0;i--); 
   8   1      }


MODULE INFORMATION:   STATIC OVERLAYABLE
   CODE SIZE        =     29    ----
   CONSTANT SIZE    =   ----    ----
   XDATA SIZE       =   ----    ----
   PDATA SIZE       =   ----    ----
   DATA SIZE        =   ----    ----
   IDATA SIZE       =   ----    ----
   BIT SIZE         =   ----    ----
END OF MODULE INFORMATION.


C51 COMPILATION COMPLETE.  0 WARNING(S),  0 ERROR(S)
