C51 COMPILER V9.60.0.0   UART                                                              05/13/2021 21:44:24 PAGE 1   


C51 COMPILER V9.60.0.0, COMPILATION OF MODULE UART
OBJECT MODULE PLACED IN uart.OBJ
COMPILER INVOKED BY: D:\Keil_v5\44444444444\C51\BIN\C51.EXE uart.c COMPACT OPTIMIZE(8,SPEED) BROWSE DEBUG OBJECTEXTEND T
                    -ABS(2)

line level    source

   1          #include "uart.h"
   2          #include "reg52.h"
   3          #include "led.h"
   4          #include "delay.h"
   5          
   6          void UART_init()
   7          {
   8   1        //设置波特率9600
   9   1        TMOD|=0x20;  //定时器1工作于自动重装载模式
  10   1        TH1=0xfd;
  11   1        TH0=0xfd;
  12   1        TR1=1; //启动定时器1
  13   1        ET1=0; //禁止定时器1中断
  14   1        PCON&=0x7f; //设置SMOD=0，波特率不加倍
  15   1        SCON=0x50; //工作于方式1  8位无校验异步通信的收发模式，并清空收发中断标志位
  16   1        EA=1;  //总中断允许
  17   1        ES=1;//串口收发中断（本程序中不使用串口中断）
  18   1      }
  19          
  20          void UART_Send_Data(unsigned char byte)
  21          {
  22   1        SBUF=byte;
  23   1        while(!TI);//等待串口数据发送完毕
  24   1        TI=0;//将发送中断标志位清0，为下次发送数据做准备
  25   1      }
  26          
  27          unsigned char UART_Receive_Data()
  28          {
  29   1        unsigned char temp;
  30   1        while(!RI);//等待串口接收到数据（RI被置1）
  31   1        temp=SBUF;
  32   1        RI=0;//清空接收中断标志位，为下次接收做准备
  33   1        return temp;
  34   1      }


MODULE INFORMATION:   STATIC OVERLAYABLE
   CODE SIZE        =     40    ----
   CONSTANT SIZE    =   ----    ----
   XDATA SIZE       =   ----    ----
   PDATA SIZE       =   ----    ----
   DATA SIZE        =   ----    ----
   IDATA SIZE       =   ----    ----
   BIT SIZE         =   ----    ----
END OF MODULE INFORMATION.


C51 COMPILATION COMPLETE.  0 WARNING(S),  0 ERROR(S)
