C51 COMPILER V9.60.0.0   ADS1015                                                           12/10/2021 22:39:26 PAGE 1   


C51 COMPILER V9.60.0.0, COMPILATION OF MODULE ADS1015
OBJECT MODULE PLACED IN .\Objects\ADS1015.obj
COMPILER INVOKED BY: D:\Keil_v5\44444444444\C51\BIN\C51.EXE ..\HARDWARE\ADC\ADS1015.C OMF2 OPTIMIZE(9,SPEED) BROWSE INCD
                    -IR(..\HARDWARE\OLED;..\Project;..\TINY;..\HARDWARE\DS1203;..\HARDWARE\USART;..\HARDWARE\KEY;..\HARDWARE\AT24C02;..\HARDW
                    -ARE\ADC;..\HARDWARE\IIC;..\HARDWARE\PCF) DEBUG PRINT(.\Listings\ADS1015.lst) TABS(2) OBJECT(.\Objects\ADS1015.obj)

line level    source

   1          //******************************************
   2          /*------------------------------------------
   3                         加载头文件
   4          ------------------------------------------*/
   5          //******************************************
   6          #include "i2c.h"
   7          #include "main.h"
   8          
   9          
  10          //ADS1015初始化
  11          bit Start_conversion(unsigned char sla_addr, unsigned char sub_addr, unsigned char ch);
  12          //从ADS1015读取转换结果
  13          bit Read_conversion(unsigned char sla_addr, unsigned char sub_addr, unsigned char *rec_buf);
  14          
  15          
  16          /**********************************
  17           
  18          函数原形：bit Start_conversion(unsigned char sla_addr, unsigned char sub_addr, unsigned char ch)
  19          函数功能：ADS1015初始化    
  20          入口参数：unsigned char sla_addr, unsigned char sub_addr, unsigned char ch 
  21          出口参数：返回是否成功标志位
  22          注意：    使用前必须已结束总线。
  23          **********************************/
  24          bit Start_conversion(unsigned char sla_addr, unsigned char sub_addr, unsigned char ch)
  25          {
  26   1          bit rec_result;
  27   1          unsigned char uca_wr_dat[2];
  28   1          
  29   1          if (ch == 0)
  30   1          {
  31   2              uca_wr_dat[0] = 0xC1; 
  32   2          }
  33   1          else  if (ch == 1)
  34   1          {
  35   2              uca_wr_dat[0] = 0xD1; 
  36   2          }
  37   1          else  if (ch == 2)
  38   1          {
  39   2              uca_wr_dat[0] = 0xE1; 
  40   2          }
  41   1          else  if (ch == 3)
  42   1          {
  43   2              uca_wr_dat[0] = 0xF1; 
  44   2          }
  45   1          uca_wr_dat[1] = 0x00;
  46   1      
  47   1          rec_result = ISendStr(sla_addr, sub_addr, uca_wr_dat, 2);
  48   1          
  49   1          return(rec_result);
  50   1      }
  51          
  52          
  53          /**********************************
C51 COMPILER V9.60.0.0   ADS1015                                                           12/10/2021 22:39:26 PAGE 2   

  54          函数原形：bit Read_conversion(unsigned char sla_addr, unsigned char sub_addr, unsigned char *rec_buf)
  55          函数功能：从ADS1015读取转换结果          
  56          入口参数：unsigned char sla_addr, unsigned char sub_addr, unsigned char *rec_buf           
  57          出口参数：返回是否成功标志位
  58          注意：    使用前必须已结束总线。
  59          **********************************/
  60          bit Read_conversion(unsigned char sla_addr, unsigned char sub_addr, unsigned char *rec_buf)
  61          {
  62   1          bit rec_result;
  63   1      
  64   1          rec_result = IRcvStr(sla_addr, sub_addr, rec_buf, 2);
  65   1          
  66   1          return(rec_result);
  67   1      }
  68           
  69           
  70           
  71            


MODULE INFORMATION:   STATIC OVERLAYABLE
   CODE SIZE        =     80    ----
   CONSTANT SIZE    =   ----    ----
   XDATA SIZE       =   ----    ----
   PDATA SIZE       =   ----    ----
   DATA SIZE        =   ----       2
   IDATA SIZE       =   ----    ----
   BIT SIZE         =   ----       2
   EDATA SIZE       =   ----    ----
   HDATA SIZE       =   ----    ----
   XDATA CONST SIZE =   ----    ----
   FAR CONST SIZE   =   ----    ----
END OF MODULE INFORMATION.


C51 COMPILATION COMPLETE.  0 WARNING(S),  0 ERROR(S)
