C51 COMPILER V9.60.0.0   AT24C02                                                           12/10/2021 22:39:26 PAGE 1   


C51 COMPILER V9.60.0.0, COMPILATION OF MODULE AT24C02
OBJECT MODULE PLACED IN .\Objects\AT24C02.obj
COMPILER INVOKED BY: D:\Keil_v5\44444444444\C51\BIN\C51.EXE ..\HARDWARE\AT24C02\AT24C02.c OMF2 OPTIMIZE(9,SPEED) BROWSE 
                    -INCDIR(..\HARDWARE\OLED;..\Project;..\TINY;..\HARDWARE\DS1203;..\HARDWARE\USART;..\HARDWARE\KEY;..\HARDWARE\AT24C02;..\H
                    -ARDWARE\ADC;..\HARDWARE\IIC;..\HARDWARE\PCF) DEBUG PRINT(.\Listings\AT24C02.lst) TABS(2) OBJECT(.\Objects\AT24C02.obj)

line level    source

   1          #include"at24c02.h"
   2          
   3          /*******************************************************************************
   4          * 函数名         : Delay10us()
   5          * 函数功能       : 延时10us
   6          * 输入           : 无
   7          * 输出           : 无
   8          *******************************************************************************/
   9          void Delay10us()
  10          {
  11   1        unsigned char a,b;
  12   1        for(b=1;b>0;b--)
  13   1          for(a=2;a>0;a--);
  14   1      }
  15          /*******************************************************************************
  16          * 函数名         : I2cStart()
  17          * 函数功能     : 起始信号：在SCL时钟信号在高电平期间SDA信号产生一个下降沿
  18          * 输入           : 无
  19          * 输出           : 无
  20          * 备注           : 起始之后SDA和SCL都为0
  21          *******************************************************************************/
  22          void I2cStart()
  23          {
  24   1        SDA1=1;
  25   1        Delay10us();
  26   1        SCL1=1;
  27   1        Delay10us();//建立时间是SDA保持时间>4.7us
  28   1        SDA1=0;
  29   1        Delay10us();//保持时间是>4us
  30   1        SCL1=0;     
  31   1        Delay10us();    
  32   1      }
  33          /*******************************************************************************
  34          * 函数名         : I2cStop()
  35          * 函数功能     : 终止信号：在SCL时钟信号高电平期间SDA信号产生一个上升沿
  36          * 输入           : 无
  37          * 输出           : 无
  38          * 备注           : 结束之后保持SDA和SCL都为1；表示总线空闲
  39          *******************************************************************************/
  40          
  41          void I2cStop()
  42          {
  43   1        SDA1=0;
  44   1        Delay10us();
  45   1        SCL1=1;
  46   1        Delay10us();//建立时间大于4.7us
  47   1        SDA1=1;
  48   1        Delay10us();    
  49   1      }
  50          /*******************************************************************************
  51          * 函数名         : I2cSendByte(unsigned char dat)
  52          * 函数功能     : 通过I2C发送一个字节。在SCL时钟信号高电平期间，保持发送信号SDA保持稳定
  53          * 输入           : num
C51 COMPILER V9.60.0.0   AT24C02                                                           12/10/2021 22:39:26 PAGE 2   

  54          * 输出           : 0或1。发送成功返回1，发送失败返回0
  55          * 备注           : 发送完一个字节SCL=0,SDA1=1
  56          *******************************************************************************/
  57          
  58          unsigned char I2cSendByte(unsigned char dat)
  59          {
  60   1        unsigned char a=0,b=0;//最大255，一个机器周期为1us，最大延时255us。   
  61   1        for(a=0;a<8;a++)//要发送8位，从最高位开始
  62   1        {
  63   2          SDA1=dat>>7;   //起始信号之后SCL=0，所以可以直接改变SDA信号
  64   2          dat=dat<<1;
  65   2          Delay10us();
  66   2          SCL1=1;
  67   2          Delay10us();//建立时间>4.7us
  68   2          SCL1=0;
  69   2          Delay10us();//时间大于4us   
  70   2        }
  71   1        SDA1=1;
  72   1        Delay10us();
  73   1        SCL1=1;
  74   1        while(SDA1)//等待应答，也就是等待从设备把SDA拉低
  75   1        {
  76   2          b++;
  77   2          if(b>200)  //如果超过2000us没有应答发送失败，或者为非应答，表示接收结束
  78   2          {
  79   3            SCL1=0;
  80   3            Delay10us();
  81   3            return 0;
  82   3          }
  83   2        }
  84   1        SCL1=0;
  85   1        Delay10us();
  86   1        return 1;   
  87   1      }
  88          /*******************************************************************************
  89          * 函数名         : I2cReadByte()
  90          * 函数功能       : 使用I2c读取一个字节
  91          * 输入           : 无
  92          * 输出           : dat
  93          * 备注           : 接收完一个字节SCL=0,SDA1=1.
  94          *******************************************************************************/
  95          
  96          unsigned char I2cReadByte()
  97          {
  98   1        unsigned char a=0,dat=0;
  99   1        SDA1=1;     //起始和发送一个字节之后SCL都是0
 100   1        Delay10us();
 101   1        for(a=0;a<8;a++)//接收8个字节
 102   1        {
 103   2          SCL1=1;
 104   2          Delay10us();
 105   2          dat<<=1;
 106   2          dat|=SDA1;
 107   2          Delay10us();
 108   2          SCL1=0;
 109   2          Delay10us();
 110   2        }
 111   1        return dat;   
 112   1      }
 113          
 114          
 115          /*******************************************************************************
C51 COMPILER V9.60.0.0   AT24C02                                                           12/10/2021 22:39:26 PAGE 3   

 116          * 函数名         : void At24c02Write(unsigned char addr,unsigned char dat)
 117          * 函数功能       : 往24c02的一个地址写入一个数据
 118          * 输入           : 无
 119          * 输出           : 无
 120          *******************************************************************************/
 121          
 122          void At24c02Write(unsigned char addr,unsigned char dat)
 123          {
 124   1        I2cStart();
 125   1        I2cSendByte(0xa0);//发送写器件地址
 126   1        I2cSendByte(addr);//发送要写入内存地址
 127   1        I2cSendByte(dat); //发送数据
 128   1        I2cStop();
 129   1      }
 130          /*******************************************************************************
 131          * 函数名         : unsigned char At24c02Read(unsigned char addr)
 132          * 函数功能       : 读取24c02的一个地址的一个数据
 133          * 输入           : 无
 134          * 输出           : 无
 135          *******************************************************************************/
 136          
 137          unsigned char At24c02Read(unsigned char addr)
 138          {
 139   1        unsigned char num;
 140   1        I2cStart();
 141   1        I2cSendByte(0xa0); //发送写器件地址
 142   1        I2cSendByte(addr); //发送要读取的地址
 143   1        I2cStart();
 144   1        I2cSendByte(0xa1); //发送读器件地址
 145   1        num=I2cReadByte(); //读取数据
 146   1        I2cStop();
 147   1        return num; 
 148   1      }
 149          


MODULE INFORMATION:   STATIC OVERLAYABLE
   CODE SIZE        =    245    ----
   CONSTANT SIZE    =   ----    ----
   XDATA SIZE       =   ----    ----
   PDATA SIZE       =   ----    ----
   DATA SIZE        =   ----    ----
   IDATA SIZE       =   ----    ----
   BIT SIZE         =   ----    ----
   EDATA SIZE       =   ----    ----
   HDATA SIZE       =   ----    ----
   XDATA CONST SIZE =   ----    ----
   FAR CONST SIZE   =   ----    ----
END OF MODULE INFORMATION.


C51 COMPILATION COMPLETE.  0 WARNING(S),  0 ERROR(S)
