C51 COMPILER V9.60.0.0   MAIN                                                              12/10/2021 22:39:26 PAGE 1   


C51 COMPILER V9.60.0.0, COMPILATION OF MODULE MAIN
OBJECT MODULE PLACED IN .\Objects\main.obj
COMPILER INVOKED BY: D:\Keil_v5\44444444444\C51\BIN\C51.EXE main.c OMF2 OPTIMIZE(9,SPEED) BROWSE INCDIR(..\HARDWARE\OLED
                    -;..\Project;..\TINY;..\HARDWARE\DS1203;..\HARDWARE\USART;..\HARDWARE\KEY;..\HARDWARE\AT24C02;..\HARDWARE\ADC;..\HARDWARE
                    -\IIC;..\HARDWARE\PCF) DEBUG PRINT(.\Listings\main.lst) TABS(2) OBJECT(.\Objects\main.obj)

line level    source

   1          #include "main.h"
   2          
   3          /*******************************************************************************
   4          * 端口定义区域     : 
   5          *******************************************************************************/
   6          sbit led0=P2^0;
   7          sbit led1=P2^1;
   8          sbit beep=P0^0;
   9          /*******************************************************************************
  10          * 外部变量调用区域 : 
  11          *******************************************************************************/
  12          xdata unsigned char  USART_RX_BUF[USART_REC_LEN];           //串口接收
  13          unsigned char  USART_RX_STA;
  14          xdata unsigned char run_state=0;
  15          xdata unsigned char mark,ui_mark=0,set_mark,run_mark=0;                           //标志位
  16          unsigned char key_buf[3]={40,40,40};                        
  17          xdata int  ui_convert_dat;                                  //当前温度+上下限
  18          xdata short  temp_max=10000;
  19          xdata short  temp_min=0;
  20          
  21          xdata short  temp_max_buf[4]={2000,4000,6000,10000};          //温度缓存区
  22          xdata short  temp_min_buf[4]={0,-500,-2000,0};
  23          xdata char ride_flag=1;                                     //默认乘以1
  24          
  25          xdata unsigned char pos_x[9]={56,80,104,4,16+31,16+32+16+8+31,4,16+16,72+16};               //设置索引
  26          xdata unsigned char pos_y[9]={2,2,2,4,4,4,6,6,6};
  27          xdata char pos_i=0;
  28          
  29          unsigned char cut_pos=0, time_cut[6]={8,12,12,14,14,18};          //时间段
  30          
  31          xdata unsigned char uca_send_time_dat[9];                   //时间设置
  32          xdata unsigned char uca_wr_time_dat[7];
  33          xdata unsigned char uca_rd_time_dat[7];
  34          /*******************************************************************************
  35          * 全局变量调用区域 : 
  36          *******************************************************************************/
  37          static unsigned char key;
  38          
  39          /*******************************************************************************
  40          * 自定义函数区域 : 
  41          *******************************************************************************/
  42          void delay_ms(unsigned char ms)
  43          {     
  44   1        os_wait2(K_TMO,ms);
  45   1      }
  46          
  47          /*******************************************************************************
  48          * 函 数 名         : MainTask
  49          * 函数功能           : 启动任务
  50          * 输    入         : 无
  51          * 输    出         : 无
  52          *******************************************************************************/
  53          void MainTask(void) _task_ 0                            //启动任务
C51 COMPILER V9.60.0.0   MAIN                                                              12/10/2021 22:39:26 PAGE 2   

  54          {
  55   1        unsigned char j;
  56   1        OLED_Init();                                          //初始化OLED  
  57   1        usart_init();                                         //初始化串口
  58   1        
  59   1        for(j=0;j<6;j++)
  60   1        {
  61   2          time_cut[j]=At24c02Read(j);
  62   2        }
  63   1        for(j=0;j<5;j+=2)
  64   1        {
  65   2          temp_max_buf[j/2]=(At24c02Read(j+6)+((At24c02Read(j+7))<<8));
  66   2          delay_ms(100);
  67   2        }
  68   1        
  69   1        for(j=0;j<5;j+=2)
  70   1        {
  71   2          temp_min_buf[j/2]=(At24c02Read(j+12)+((At24c02Read(j+13))<<8));
  72   2          delay_ms(100);
  73   2        }
  74   1        
  75   1      //  OLED_ShowCHinese(0,0,0);
  76   1        os_create_task (1);                                   //创建任务
  77   1        os_create_task (2);  
  78   1        os_create_task (3); 
  79   1        os_create_task (4);  
  80   1        os_create_task (5);
  81   1        os_create_task (6);
  82   1        os_create_task (7);
  83   1        
  84   1        os_delete_task (0);                                   //删除任务0
  85   1        while(1);
  86   1      }
  87           
  88          /*******************************************************************************
  89          * 函 数 名         : ADCTask
  90          * 函数功能           : 检测任务
  91          * 输    入         : 无
  92          * 输    出         : 无
  93          *******************************************************************************/
  94          void ADCTask(void)  _task_ 1  //任务1
  95          {
  96   1        unsigned char uca_rd_dat[2];  
  97   1        
  98   1        float dat;
  99   1        while(1) 
 100   1        { 
 101   2          led0=!led0;
 102   2          
 103   2          //ADS1015初始化, 0通道采样
 104   2          Start_conversion(ADS1015_SLA_ADDR, CONFIG_REG, 0);    
 105   2          delay_ms(20);
 106   2          Read_conversion(ADS1015_SLA_ADDR, CONVERSION_REG, uca_rd_dat);
 107   2          
 108   2          ui_convert_dat = uca_rd_dat[0] * 256 + uca_rd_dat[1];
 109   2          ui_convert_dat /= 16;
 110   2          
 111   2          if(ui_convert_dat>1600)
 112   2            ui_convert_dat=1600;
 113   2          else if(ui_convert_dat<=1)
 114   2          {
 115   3            ui_convert_dat=1;
C51 COMPILER V9.60.0.0   MAIN                                                              12/10/2021 22:39:26 PAGE 3   

 116   3          }
 117   2          
 118   2          dat = (float)ui_convert_dat*13.75-2000.0;
 119   2          ui_convert_dat=(int)dat;
 120   2          os_send_signal(4);
 121   2          os_send_signal(6);
 122   2          delay_ms(200);
 123   2          delay_ms(200);
 124   2          delay_ms(200);
 125   2          delay_ms(200);
 126   2          delay_ms(200);
 127   2          
 128   2        }
 129   1      }
 130          
 131          /*******************************************************************************
 132          * 函 数 名         : UARTTask
 133          * 函数功能           : 串口任务
 134          * 输    入         : 无
 135          * 输    出         : 无
 136          *******************************************************************************/
 137          void UARTTask(void) _task_ 2
 138          {
 139   1        xdata unsigned char temp_send_buf[9],j; 
 140   1        while(1)
 141   1        {
 142   2          if((USART_RX_STA&0x80)==0x80)
 143   2          {
 144   3            USART_RX_STA=0;
 145   3            if(USART_RX_BUF[0]=='G')
 146   3            {
 147   4              if(USART_RX_BUF[1]=='S')
 148   4              {
 149   5                send_string(uca_send_time_dat);
 150   5              }
 151   4              if(USART_RX_BUF[1]=='T')
 152   4              {   
 153   5                temp_send_buf[0] = ui_convert_dat/10000 + 0x30;
 154   5                temp_send_buf[1] = (ui_convert_dat%10000)/1000 + 0x30;
 155   5                temp_send_buf[2] = (ui_convert_dat%1000)/100 + 0x30;
 156   5                temp_send_buf[4] = (ui_convert_dat/100)%10 + 0x30;
 157   5                temp_send_buf[5] = ui_convert_dat%10 + 0x30;
 158   5                
 159   5                temp_send_buf[3] = '.';
 160   5                temp_send_buf[6] = 'C';
 161   5                temp_send_buf[7] = '\n';
 162   5                temp_send_buf[7] = '\0';
 163   5                send_string(temp_send_buf);
 164   5              }
 165   4              if(USART_RX_BUF[1]=='Z')
 166   4              {
 167   5                if(run_mark==0)
 168   5                  send_string("运行稳定");
 169   5                else if(run_mark==1)
 170   5                  send_string("低于下限");
 171   5                else if(run_mark==2)
 172   5                  send_string("高于上限");
 173   5              }
 174   4            }
 175   3            if(USART_RX_BUF[0]=='S')
 176   3            {
 177   4              if(USART_RX_BUF[1]=='T')
C51 COMPILER V9.60.0.0   MAIN                                                              12/10/2021 22:39:26 PAGE 4   

 178   4              {
 179   5                USART_RX_BUF[2]=(USART_RX_BUF[3]-48)*16+(USART_RX_BUF[4]-48);
 180   5                P8563_SendStr(HOUR_REG,&USART_RX_BUF[2],6);
 181   5                USART_RX_BUF[2]=0;
 182   5                delay_ms(200);
 183   5                delay_ms(200);
 184   5      
 185   5                USART_RX_BUF[5]=(USART_RX_BUF[6]-48)*16+(USART_RX_BUF[7]-48);
 186   5                P8563_SendStr(MINUTE_REG,&USART_RX_BUF[5],1);
 187   5                USART_RX_BUF[5]=0;    
 188   5                delay_ms(200);
 189   5                delay_ms(200);
 190   5              }
 191   4              if(USART_RX_BUF[1]=='D')
 192   4              {
 193   5                time_cut[0]=(USART_RX_BUF[3]-48)*10+USART_RX_BUF[4]-48;
 194   5                time_cut[1]=(USART_RX_BUF[6]-48)*10+USART_RX_BUF[7]-48;
 195   5                
 196   5                time_cut[2]=(USART_RX_BUF[9]-48)*10+USART_RX_BUF[10]-48;
 197   5                time_cut[3]=(USART_RX_BUF[12]-48)*10+USART_RX_BUF[13]-48;
 198   5                
 199   5                time_cut[4]=(USART_RX_BUF[15]-48)*10+USART_RX_BUF[16]-48;
 200   5                time_cut[5]=(USART_RX_BUF[18]-48)*10+USART_RX_BUF[19]-48;
 201   5                
 202   5                for(j=0;j<6;j++)
 203   5                {
 204   6                  At24c02Write(j,time_cut[j]);
 205   6                  delay_ms(250);
 206   6                }
 207   5              }
 208   4              if(USART_RX_BUF[1]=='S')
 209   4              {
 210   5                if(USART_RX_BUF[3]=='+')
 211   5                {
 212   6                  temp_max_buf[USART_RX_BUF[13]-48]=((USART_RX_BUF[4]-48)*100+(USART_RX_BUF[5]-48)*10+(USART_RX_BUF[6]
             --48))*100;
 213   6                  
 214   6                }
 215   5                else if(USART_RX_BUF[3]=='-')
 216   5                {
 217   6                  temp_max_buf[USART_RX_BUF[13]-48]=((USART_RX_BUF[4]-48)*100+(USART_RX_BUF[5]-48)*10+(USART_RX_BUF[6]
             --48))*-100;
 218   6                }
 219   5                
 220   5            
 221   5                if(USART_RX_BUF[8]=='+')
 222   5                {
 223   6                  temp_min_buf[USART_RX_BUF[13]-48]=((USART_RX_BUF[9]-48)*100+(USART_RX_BUF[10]-48)*10+(USART_RX_BUF[1
             -1]-48))*100;
 224   6                }
 225   5                else if(USART_RX_BUF[8]=='-')
 226   5                {
 227   6                  temp_min_buf[USART_RX_BUF[13]-48]=((USART_RX_BUF[9]-48)*100+(USART_RX_BUF[10]-48)*10+(USART_RX_BUF[1
             -1]-48))*-100;
 228   6                }
 229   5                
 230   5                
 231   5                At24c02Write((USART_RX_BUF[13]-48)*2+6,(unsigned char)(temp_max_buf[USART_RX_BUF[13]-48]));
 232   5                delay_ms(100);
 233   5                At24c02Write((USART_RX_BUF[13]-48)*2+7,(unsigned char)((temp_max_buf[USART_RX_BUF[13]-48])>>8));
 234   5                delay_ms(100);
 235   5                
C51 COMPILER V9.60.0.0   MAIN                                                              12/10/2021 22:39:26 PAGE 5   

 236   5                At24c02Write((USART_RX_BUF[13]-48)*2+12,(unsigned char)(temp_min_buf[USART_RX_BUF[13]-48]));
 237   5                delay_ms(100);
 238   5                At24c02Write((USART_RX_BUF[13]-48)*2+13,(unsigned char)((temp_min_buf[USART_RX_BUF[13]-48])>>8));
 239   5                delay_ms(100);
 240   5              }
 241   4            }
 242   3            
 243   3          }
 244   2      
 245   2          delay_ms(200);
 246   2        }
 247   1      }
 248          
 249          /*******************************************************************************
 250          * 函 数 名         : KeyTask
 251          * 函数功能           : 按键任务
 252          * 输    入         : 无
 253          * 输    出         : 无
 254          *******************************************************************************/
 255          void KeyTask(void) _task_ 3
 256          {
 257   1        unsigned char num=0;
 258   1        while(1)
 259   1        {
 260   2          key=KeyDown();
 261   2          if(key==11)
 262   2          {
 263   3            ui_mark=!ui_mark;
 264   3          }else if(key==12)
 265   2          {
 266   3            set_mark++;
 267   3            set_mark %=2;
 268   3          }else if((key==13))//上
 269   2          {
 270   3            if(set_mark!=1)
 271   3            {
 272   4              if((pos_i>=3))
 273   4                pos_i-=3;
 274   4            }else if((pos_i==7) || (pos_i==8))
 275   3            {
 276   4              ride_flag=1;
 277   4            }
 278   3            
 279   3          }else if((key==14))//下
 280   2          {
 281   3            if(ui_mark==0)
 282   3              mark=!mark;
 283   3            if(set_mark!=1)
 284   3            {
 285   4              if((pos_i<=5))
 286   4                pos_i+=3;
 287   4            }else if((pos_i==7) || (pos_i==8))
 288   3            {
 289   4              ride_flag=-1;
 290   4            }
 291   3          }else if((key==15))//左
 292   2          {
 293   3            if(set_mark!=1)
 294   3            {
 295   4              pos_i--;
 296   4              if(pos_i<0)
 297   4                pos_i=8;
C51 COMPILER V9.60.0.0   MAIN                                                              12/10/2021 22:39:26 PAGE 6   

 298   4            }
 299   3          }else if((key==16))//右
 300   2          {
 301   3            if(set_mark!=1)
 302   3            {
 303   4              pos_i++;
 304   4              if(pos_i>8)
 305   4                pos_i=0;
 306   4            }
 307   3          }
 308   2          
 309   2          else if(key==1)
 310   2          {
 311   3            if(set_mark==1)
 312   3            {
 313   4              for(num=0;num<3;num++)
 314   4              {
 315   5                if(key_buf[num] == 40)
 316   5                {
 317   6                  key_buf[num]=1;
 318   6                  break;
 319   6                }
 320   5              }
 321   4            }
 322   3            os_send_signal(7);
 323   3          }else if(key==2)
 324   2          {
 325   3            if(set_mark==1)
 326   3            {
 327   4            for(num=0;num<3;num++)
 328   4            {
 329   5              if(key_buf[num] == 40)
 330   5              {
 331   6                key_buf[num]=2;
 332   6                break;
 333   6              }
 334   5            }
 335   4            }
 336   3            os_send_signal(7);
 337   3          }else if(key==3)
 338   2          {
 339   3            if(set_mark==1)
 340   3            {
 341   4              for(num=0;num<3;num++)
 342   4              {
 343   5                if(key_buf[num] == 40)
 344   5                {
 345   6                  key_buf[num]=3;
 346   6                  break;
 347   6                }
 348   5              }
 349   4            }
 350   3            os_send_signal(7);
 351   3          }else if(key==4)
 352   2          {
 353   3            if(set_mark==1)
 354   3            {
 355   4              for(num=0;num<3;num++)
 356   4              {
 357   5                if(key_buf[num] == 40)
 358   5                {
 359   6                  key_buf[num]=4;
C51 COMPILER V9.60.0.0   MAIN                                                              12/10/2021 22:39:26 PAGE 7   

 360   6                  break;
 361   6                }
 362   5              }
 363   4            }
 364   3            os_send_signal(7);
 365   3          }else if(key==5)
 366   2          {
 367   3            if(set_mark==1)
 368   3            {
 369   4              for(num=0;num<3;num++)
 370   4              {
 371   5                if(key_buf[num] == 40)
 372   5                {
 373   6                  key_buf[num]=5;
 374   6                  break;
 375   6                }
 376   5              }
 377   4            }
 378   3            os_send_signal(7);
 379   3          }else if(key==6)
 380   2          {
 381   3            if(set_mark==1)
 382   3            {
 383   4              for(num=0;num<3;num++)
 384   4              {
 385   5                if(key_buf[num] == 40)
 386   5                {
 387   6                  key_buf[num]=6;
 388   6                  break;
 389   6                }
 390   5              }
 391   4            }
 392   3            os_send_signal(7);
 393   3          }else if(key==7)
 394   2          {
 395   3            if(set_mark==1)
 396   3            {
 397   4              for(num=0;num<3;num++)
 398   4              {
 399   5                if(key_buf[num] == 40)
 400   5                {
 401   6                  key_buf[num]=7;
 402   6                  break;
 403   6                }
 404   5              }
 405   4            }
 406   3            os_send_signal(7);
 407   3          }else if(key==8)
 408   2          {
 409   3            if(set_mark==1)
 410   3            {
 411   4              for(num=0;num<3;num++)
 412   4              {
 413   5                if(key_buf[num] == 40)
 414   5                {
 415   6                  key_buf[num]=8;
 416   6                  break;
 417   6                }
 418   5              }
 419   4            }
 420   3            os_send_signal(7);
 421   3          }else if(key==9)
C51 COMPILER V9.60.0.0   MAIN                                                              12/10/2021 22:39:26 PAGE 8   

 422   2          {
 423   3            if(set_mark==1)
 424   3            {
 425   4              for(num=0;num<3;num++)
 426   4              {
 427   5                if(key_buf[num] == 40)
 428   5                {
 429   6                  key_buf[num]=9;
 430   6                  break;
 431   6                }
 432   5              }
 433   4            }
 434   3            os_send_signal(7);
 435   3          }
 436   2          else if(key==10)
 437   2          {
 438   3            if(set_mark==1)
 439   3            {
 440   4              for(num=0;num<3;num++)
 441   4              {
 442   5                if(key_buf[num] == 40)
 443   5                {
 444   6                  key_buf[num]=0;
 445   6                  break;
 446   6                }
 447   5              }
 448   4            }
 449   3            os_send_signal(7);
 450   3          }
 451   2          delay_ms(50);
 452   2        }
 453   1      }
 454          
 455          /*******************************************************************************
 456          * 函 数 名         : OLEDTask
 457          * 函数功能           : 显示任务
 458          * 输    入         : 无
 459          * 输    出         : 无
 460          *******************************************************************************/
 461          void OLEDTask(void) _task_ 4
 462          {
 463   1        char event;
 464   1        float cov_f;
 465   1      //  xdata unsigned char x;
 466   1        while(1)
 467   1        { 
 468   2          OLED_Clear();
 469   2          OLED_ShowString(0,0,"TEMP:     .",12);
 470   2          OLED_ShowString(0,2,"TIME:",12);
 471   2          
 472   2          OLED_ShowString(0 ,4,"MAX:",12);
 473   2          OLED_ShowString(65,4,"MIN:",12);
 474   2          while(ui_mark==0)      
 475   2          {
 476   3            if(run_state==1)
 477   3              OLED_ShowString(0,6,"TEMP OVER!",12);
 478   3            else if(run_state==2)
 479   3              OLED_ShowString(0,6,"TEMP  LOW!",12);
 480   3            else
 481   3              OLED_ShowString(0,6,"TEMP  NOR!",12);
 482   3            if(mark==0 )
 483   3            {
C51 COMPILER V9.60.0.0   MAIN                                                              12/10/2021 22:39:26 PAGE 9   

 484   4                event=os_wait2(K_SIG | K_TMO,10);
 485   4                if(event==SIG_EVENT)
 486   4                {
 487   5                  if(ui_convert_dat>0)
 488   5                  {
 489   6                    OLED_ShowChar(52,0,'+',12);
 490   6                    OLED_ShowNum(60,0,ui_convert_dat / 100,3,12);
 491   6                    OLED_ShowNum(94,0,ui_convert_dat % 100,2,12);
 492   6                    OLED_ShowString(118,0,"C",12);
 493   6                  }else
 494   5                  {
 495   6                    OLED_ShowChar(52,0,'-',12);
 496   6                    ui_convert_dat=-1*ui_convert_dat;
 497   6                    OLED_ShowNum(60,0,ui_convert_dat / 100,3,12);
 498   6                    OLED_ShowNum(94,0,ui_convert_dat % 100,2,12);
 499   6                    OLED_ShowString(118,0,"C",12);
 500   6                  }
 501   5                  
 502   5                  if(temp_max>0)
 503   5                  {
 504   6                    OLED_ShowChar(32,4,'+',12);
 505   6                    OLED_ShowNum(40,4,temp_max/100,3,12);
 506   6                  }
 507   5                  else
 508   5                  {
 509   6                    OLED_ShowChar(32,4,'-',12);
 510   6                    OLED_ShowNum(40,4,-temp_max/100,3,12);
 511   6                  }
 512   5                  
 513   5                  if(temp_min>0)
 514   5                  {
 515   6                    OLED_ShowChar(97,4,'+',12);
 516   6                    OLED_ShowNum(105,4,temp_min/100,3,12);
 517   6                  }
 518   5                  else
 519   5                  {
 520   6                    OLED_ShowChar(97,4,'-',12);
 521   6                    OLED_ShowNum(105,4,-temp_min/100,3,12);
 522   6                  }
 523   5                }
 524   4              }else
 525   3              {
 526   4                event=os_wait2(K_SIG | K_TMO,10);
 527   4                if(event==SIG_EVENT)
 528   4                {
 529   5                  event=0;
 530   5                  cov_f=3200.0 + ui_convert_dat*1.8;
 531   5                  ui_convert_dat=(int)cov_f;
 532   5                  if(ui_convert_dat>0)
 533   5                  {
 534   6                    OLED_ShowChar(52,0,'+',12);
 535   6                    OLED_ShowNum(60,0,ui_convert_dat/100,3,12);
 536   6                    OLED_ShowNum(94,0,ui_convert_dat%100,2,12);
 537   6                    OLED_ShowString(118,0,"F",12);
 538   6                  }
 539   5                  else
 540   5                  {
 541   6                    OLED_ShowChar(52,0,'-',12);
 542   6                    ui_convert_dat=-1*ui_convert_dat;
 543   6                    OLED_ShowNum(60,0,ui_convert_dat/100,3,12);
 544   6                    OLED_ShowNum(94,0,ui_convert_dat%100,2,12);
 545   6                    OLED_ShowString(118,0,"F",12);
C51 COMPILER V9.60.0.0   MAIN                                                              12/10/2021 22:39:26 PAGE 10  

 546   6                  }
 547   5                  cov_f=3200.0 + temp_max*1.8;
 548   5                  temp_max=(int)cov_f;
 549   5                  cov_f=3200.0 + temp_min*1.8;
 550   5                  temp_min=(int)cov_f;
 551   5                  if(temp_max>0)
 552   5                  {
 553   6                    OLED_ShowChar(32,4,'+',12);
 554   6                    OLED_ShowNum(40,4,temp_max/100,3,12);
 555   6                  }
 556   5                  else
 557   5                  {
 558   6                    OLED_ShowChar(32,4,'-',12);
 559   6                    OLED_ShowNum(40,4,-temp_max/100,3,12);
 560   6                  }
 561   5                  
 562   5                  if(temp_min>0)
 563   5                  {
 564   6                    OLED_ShowChar(97,4,'+',12);
 565   6                    OLED_ShowNum(105,4,temp_min/100,3,12);
 566   6                  }
 567   5                  else
 568   5                  {
 569   6                    OLED_ShowChar(97,4,'-',12);
 570   6                    OLED_ShowNum(105,4,-temp_min/100,3,12);
 571   6                  }
 572   5                }
 573   4              }
 574   3              
 575   3              OLED_ShowString(50,2,uca_send_time_dat,12);
 576   3              
 577   3              delay_ms(200);
 578   3          }
 579   2          OLED_Clear();
 580   2          //设置界面
 581   2          OLED_ShowString(0,0,"SET:",12);
 582   2          OLED_ShowString(0,2,"TIME:",12);
 583   2          
 584   2          OLED_ShowString(16,4,"STA:",12);
 585   2          OLED_ShowString(16+32+16+8,4,"END:",12);
 586   2          
 587   2          OLED_ShowString(16,6,"S:",12);
 588   2          OLED_ShowString(16+16+32+8,6,"X:",12);
 589   2          while(ui_mark==1)
 590   2          {
 591   3      //      if(set_mark==1)
 592   3      //      {
 593   3      //        if(ride_flag==1)
 594   3      //          OLED_ShowChar(56,0,'+',12);
 595   3      //        else
 596   3      //          OLED_ShowChar(56,0,'-',12);
 597   3      //        for(x=0;x<3;x++)
 598   3      //        {
 599   3      //          if(key_buf[x]!=40)
 600   3      //          {
 601   3      //            OLED_ShowChar(72+x*8,0,key_buf[x]+48,12);
 602   3      //          }
 603   3      //        }
 604   3      //      }
 605   3            //符号显示
 606   3            OLED_ShowString(56,2,uca_send_time_dat,12);
 607   3            OLED_ShowString(4,4,"+",12);
C51 COMPILER V9.60.0.0   MAIN                                                              12/10/2021 22:39:26 PAGE 11  

 608   3            OLED_ShowString(4,6,"-",12);
 609   3      
 610   3            //上下限分显示
 611   3            if(temp_max_buf[cut_pos/2]>=0)
 612   3            {
 613   4              OLED_ShowChar(32,6,'+',12);
 614   4              OLED_ShowNum(40,6,temp_max_buf[cut_pos/2]/100,3,12);
 615   4            }
 616   3            else
 617   3            {
 618   4              OLED_ShowChar(32,6,'-',12);
 619   4              OLED_ShowNum(40,6,-1*temp_max_buf[cut_pos/2]/100,3,12);
 620   4            }
 621   3      
 622   3            if(temp_min_buf[cut_pos/2]>=0)
 623   3            {
 624   4              OLED_ShowChar(16+16+32+8+16,6,'+',12);
 625   4              OLED_ShowNum(16+16+32+8+16+8,6,temp_min_buf[cut_pos/2]/100,3,12);
 626   4            }
 627   3            else
 628   3            {
 629   4              OLED_ShowChar(16+16+32+8+16,6,'-',12);
 630   4              OLED_ShowNum(16+16+32+8+16+8,6,-1*temp_min_buf[cut_pos/2]/100,3,12);
 631   4            }
 632   3            
 633   3            //时间分段显示
 634   3            OLED_ShowNum(40,0,cut_pos/2,1,12);  
 635   3            OLED_ShowNum(16+32+1,4,time_cut[cut_pos],2,12);
 636   3            OLED_ShowNum(16+32+16+8+32+1,4,time_cut[cut_pos+1],2,12);   
 637   3        
 638   3            delay_ms(150);
 639   3      
 640   3            if(pos_i==3 || pos_i==6)
 641   3              OLED_ShowString(pos_x[pos_i],pos_y[pos_i]," ",12);
 642   3            else if(pos_i==7||pos_i==8)
 643   3              OLED_ShowString(pos_x[pos_i],pos_y[pos_i],"    ",12);
 644   3            else
 645   3              OLED_ShowString(pos_x[pos_i],pos_y[pos_i],"  ",12); 
 646   3            delay_ms(150);
 647   3        
 648   3            if(set_mark==0)
 649   3              OLED_ShowString(103,0,"OK!",12);
 650   3            else if(set_mark==1)
 651   3              OLED_ShowString(103,0,"ING",12);
 652   3          }
 653   2        }
 654   1      }
 655          
 656          /*******************************************************************************
 657          * 函 数 名         : TimeTask
 658          * 函数功能          : 时钟任务
 659          * 输    入         : 无
 660          * 输    出         : 无
 661          *******************************************************************************/
 662          void TimeTask(void) _task_ 5
 663          {
 664   1        while(1)
 665   1        {
 666   2                  //读取时钟
 667   2          P8563_RcvStr(SECOND_REG, uca_rd_time_dat, 7);   //读取实时时钟数据
 668   2        
 669   2          uca_send_time_dat[0] = uca_rd_time_dat[2] / 16 + 0x30;
C51 COMPILER V9.60.0.0   MAIN                                                              12/10/2021 22:39:26 PAGE 12  

 670   2          uca_send_time_dat[1] = uca_rd_time_dat[2] % 16 + 0x30;
 671   2          uca_send_time_dat[3] = uca_rd_time_dat[1] / 16 + 0x30;
 672   2          uca_send_time_dat[4] = uca_rd_time_dat[1] % 16 + 0x30;
 673   2          uca_send_time_dat[6] = uca_rd_time_dat[0] / 16 + 0x30;
 674   2          uca_send_time_dat[7] = uca_rd_time_dat[0] % 16 + 0x30;
 675   2          uca_send_time_dat[2] = ':';
 676   2          uca_send_time_dat[5] = ':';
 677   2          uca_send_time_dat[8] = '\0';
 678   2          
 679   2          delay_ms(200);
 680   2          delay_ms(200);
 681   2          delay_ms(200);
 682   2          delay_ms(200);
 683   2          delay_ms(200);
 684   2        }
 685   1      }
 686          
 687          /*******************************************************************************
 688          * 函 数 名         : BEEPTask
 689          * 函数功能           : 报警任务
 690          * 输    入         : 无
 691          * 输    出         : 无
 692          *******************************************************************************/
 693          void BEEPTask(void) _task_ 6
 694          {
 695   1        unsigned char time_dat,event1,beep_mark;
 696   1        while(1)
 697   1        {
 698   2          event1=os_wait2(K_SIG | K_TMO,150);
 699   2          if((ui_mark==0) && (event1==SIG_EVENT))
 700   2          {
 701   3              event1=0;
 702   3              if(ui_convert_dat>temp_max)
 703   3              {
 704   4                beep_mark=1;
 705   4                beep=!beep;
 706   4                run_mark=2;
 707   4                run_state=1;
 708   4              }
 709   3              else if(ui_convert_dat<temp_min)
 710   3              {
 711   4                beep_mark=2;
 712   4                beep=0;
 713   4                run_mark=1;
 714   4                run_state=2;
 715   4              }
 716   3              else
 717   3              {
 718   4                beep_mark=0;
 719   4                beep=1;
 720   4                run_mark=0;
 721   4                run_state=0;
 722   4              }
 723   3          }
 724   2          //蜂Q器l
 725   2          if(beep_mark==1)
 726   2            beep=!beep;
 727   2          else if(beep_mark==2)
 728   2            beep=0;
 729   2          else
 730   2            beep=1;
 731   2          
C51 COMPILER V9.60.0.0   MAIN                                                              12/10/2021 22:39:26 PAGE 13  

 732   2          
 733   2          time_dat=uca_rd_time_dat[2]/16*10+uca_rd_time_dat[2]%16;
 734   2          if((time_cut[0]<=time_dat) && (time_cut[1]>=time_dat))
 735   2          {
 736   3            temp_max=temp_max_buf[0];
 737   3            temp_min=temp_min_buf[0];
 738   3          }
 739   2          else if((time_cut[2]<=time_dat) && (time_cut[3]>=time_dat))
 740   2          {
 741   3            temp_max=temp_max_buf[1];
 742   3            temp_min=temp_min_buf[1];
 743   3          }
 744   2          else if((time_cut[4]<time_dat) && (time_cut[5]>time_dat))
 745   2          {
 746   3            temp_max=temp_max_buf[2];
 747   3            temp_min=temp_min_buf[2];
 748   3          }
 749   2          else
 750   2          {
 751   3            temp_max=temp_max_buf[3];
 752   3            temp_min=temp_min_buf[3];
 753   3          }
 754   2        }
 755   1      }
 756          
 757          /*******************************************************************************
 758          * 函 数 名         : NumSetTask
 759          * 函数功能           : 存储任务
 760          * 输    入         : 无
 761          * 输    出         : 无
 762          *******************************************************************************/
 763          void NumSetTask(void) _task_ 7
 764          {
 765   1        char event1,x;
 766   1      
 767   1        while(1)
 768   1        {
 769   2          if(set_mark==0)
 770   2          {
 771   3            for(x=0;x<3;x++)
 772   3            {
 773   4              key_buf[x]=40;
 774   4            }
 775   3          }
 776   2      
 777   2          
 778   2          event1=os_wait2(K_SIG | K_TMO,250);
 779   2          
 780   2            if(set_mark==1)
 781   2            {
 782   3              if(event1==SIG_EVENT)
 783   3              {
 784   4                //时间设置
 785   4                if(pos_i<=2)
 786   4                {
 787   5                  if(key_buf[1]!=40)
 788   5                  {
 789   6                    uca_wr_time_dat[2-pos_i]=key_buf[0]*16+key_buf[1];
 790   6                    P8563_SendStr(HOUR_REG-pos_i,&uca_wr_time_dat[2-pos_i],7);
 791   6                    set_mark=0;
 792   6                    delay_ms(1000);
 793   6                  }
C51 COMPILER V9.60.0.0   MAIN                                                              12/10/2021 22:39:26 PAGE 14  

 794   5                }
 795   4                
 796   4                //时间段设置
 797   4                else if(pos_i==4)
 798   4                {
 799   5                  if(key_buf[1]!=40)
 800   5                  {
 801   6                    time_cut[cut_pos]=key_buf[0]*10+key_buf[1];
 802   6                    
 803   6                    At24c02Write(cut_pos,time_cut[cut_pos]);
 804   6                    delay_ms(200);
 805   6                    delay_ms(200);
 806   6                    set_mark=0;
 807   6                  }
 808   5                }else if(pos_i==5)
 809   4                {
 810   5                  if(key_buf[1]!=40)
 811   5                  {
 812   6                    time_cut[cut_pos+1]=key_buf[0]*10+key_buf[1];
 813   6                    
 814   6                    At24c02Write(cut_pos+1,time_cut[cut_pos+1]);
 815   6                    delay_ms(200);
 816   6                    set_mark=0;
 817   6                  }
 818   5                }
 819   4                
 820   4                //上下限设置
 821   4                else if(pos_i==7)
 822   4                {
 823   5                  if(key_buf[2]!=40)
 824   5                  {
 825   6                    
 826   6                    temp_max_buf[cut_pos/2]=(int)(key_buf[0]*100+key_buf[1]*10+key_buf[2])*100*ride_flag;
 827   6                    
 828   6                    At24c02Write(cut_pos+6,(char)(temp_max_buf[cut_pos/2]));
 829   6                    delay_ms(100);
 830   6                    At24c02Write(cut_pos+7,(char)((temp_max_buf[cut_pos/2])>>8));
 831   6                    delay_ms(100);
 832   6                    set_mark=0;
 833   6                  }
 834   5                }
 835   4                else if(pos_i==8)
 836   4                {
 837   5                  if(key_buf[2]!=40)
 838   5                  {
 839   6                    temp_min_buf[cut_pos/2]=(int)(key_buf[0]*100+key_buf[1]*10+key_buf[2])*100*ride_flag;
 840   6                    At24c02Write(cut_pos+12,(char)(temp_min_buf[cut_pos/2]));
 841   6                    delay_ms(100);
 842   6                    At24c02Write(cut_pos+13,(char)(temp_min_buf[cut_pos/2]>>8));
 843   6                    delay_ms(100);
 844   6                    set_mark=0;
 845   6                  }
 846   5                }
 847   4              }
 848   3              
 849   3              if(pos_i==3)
 850   3              {
 851   4                if(cut_pos>=2)
 852   4                  cut_pos-=2;
 853   4                set_mark=0;
 854   4              }
 855   3              else if(pos_i==6)
C51 COMPILER V9.60.0.0   MAIN                                                              12/10/2021 22:39:26 PAGE 15  

 856   3              {
 857   4                if(cut_pos<4)
 858   4                  cut_pos+=2;
 859   4                set_mark=0;
 860   4              }
 861   3            }
 862   2      
 863   2        }
 864   1      }
 865          
 866          
 867          
 868          
 869          
 870           


MODULE INFORMATION:   STATIC OVERLAYABLE
   CODE SIZE        =   4005    ----
   CONSTANT SIZE    =    135    ----
   XDATA SIZE       =    100      10
   PDATA SIZE       =   ----    ----
   DATA SIZE        =     12      15
   IDATA SIZE       =   ----    ----
   BIT SIZE         =   ----    ----
   EDATA SIZE       =   ----    ----
   HDATA SIZE       =   ----    ----
   XDATA CONST SIZE =   ----    ----
   FAR CONST SIZE   =   ----    ----
END OF MODULE INFORMATION.


C51 COMPILATION COMPLETE.  0 WARNING(S),  0 ERROR(S)
